<?xml version="1.0" encoding="UTF-8"?>
<!-- Generated by org.testng.reporters.JUnitXMLReporter -->
<testsuite hostname="Kaveri-sabareesh" ignored="0" name="Functinal Testing" tests="4" failures="0" timestamp="2021-05-04T11:36:45 IST" time="129.601" errors="0">
  <testcase name="Soptify" time="52.274" classname="com.spotify.testscripts.Tc_SpotifyPremium"/>
  <testcase name="Soptify" time="13.642" classname="com.spotify.testscripts.Tc_SpotifyPremium"/>
  <testcase name="Soptify" time="12.313" classname="com.spotify.testscripts.Tc_SpotifyPremium"/>
  <testcase name="Soptify" time="11.875" classname="com.spotify.testscripts.Tc_SpotifyPremium"/>
</testsuite> <!-- Functinal Testing -->
