<?xml version="1.0" encoding="UTF-8"?>
<!-- Generated by org.testng.reporters.JUnitXMLReporter -->
<testsuite hostname="Kaveri-sabareesh" ignored="0" name="Test" tests="4" failures="4" timestamp="2021-05-04T10:01:19 IST" time="67.101" errors="0">
  <testcase name="Soptify" time="10.323" classname="com.spotify.testscripts.Tc_SpotifyPremium">
    <failure type="java.lang.AssertionError" message="expected [true] but found [false]">
      <![CDATA[java.lang.AssertionError: expected [true] but found [false]
at com.spotify.testscripts.Tc_SpotifyPremium.Soptify(Tc_SpotifyPremium.java:30)
at java.util.ArrayList.forEach(ArrayList.java:1259)
... Removed 31 stack frames]]>
    </failure>
  </testcase> <!-- Soptify -->
  <testcase name="Soptify" time="9.579" classname="com.spotify.testscripts.Tc_SpotifyPremium">
    <failure type="java.lang.AssertionError" message="expected [true] but found [false]">
      <![CDATA[java.lang.AssertionError: expected [true] but found [false]
at com.spotify.testscripts.Tc_SpotifyPremium.Soptify(Tc_SpotifyPremium.java:30)
at java.util.ArrayList.forEach(ArrayList.java:1259)
... Removed 31 stack frames]]>
    </failure>
  </testcase> <!-- Soptify -->
  <testcase name="Soptify" time="9.553" classname="com.spotify.testscripts.Tc_SpotifyPremium">
    <failure type="java.lang.AssertionError" message="expected [true] but found [false]">
      <![CDATA[java.lang.AssertionError: expected [true] but found [false]
at com.spotify.testscripts.Tc_SpotifyPremium.Soptify(Tc_SpotifyPremium.java:30)
at java.util.ArrayList.forEach(ArrayList.java:1259)
... Removed 31 stack frames]]>
    </failure>
  </testcase> <!-- Soptify -->
  <testcase name="Soptify" time="9.93" classname="com.spotify.testscripts.Tc_SpotifyPremium">
    <failure type="java.lang.AssertionError" message="expected [true] but found [false]">
      <![CDATA[java.lang.AssertionError: expected [true] but found [false]
at com.spotify.testscripts.Tc_SpotifyPremium.Soptify(Tc_SpotifyPremium.java:30)
at java.util.ArrayList.forEach(ArrayList.java:1259)
... Removed 31 stack frames]]>
    </failure>
  </testcase> <!-- Soptify -->
</testsuite> <!-- Test -->
