<?xml version="1.0" encoding="UTF-8"?>
<!-- Generated by org.testng.reporters.JUnitXMLReporter -->
<testsuite hostname="Kaveri-sabareesh" ignored="0" name="Test" tests="4" failures="0" timestamp="2021-05-04T10:48:39 IST" time="119.264" errors="0">
  <testcase name="Soptify" time="44.833" classname="com.spotify.testscripts.Tc_SpotifyPremium"/>
  <testcase name="Soptify" time="10.383" classname="com.spotify.testscripts.Tc_SpotifyPremium"/>
  <testcase name="Soptify" time="9.909" classname="com.spotify.testscripts.Tc_SpotifyPremium"/>
  <testcase name="Soptify" time="10.636" classname="com.spotify.testscripts.Tc_SpotifyPremium"/>
</testsuite> <!-- Test -->
