<?xml version="1.0" encoding="UTF-8"?>
<!-- Generated by org.testng.reporters.JUnitXMLReporter -->
<testsuite hostname="Kaveri-sabareesh" ignored="0" name="Test" tests="4" failures="3" timestamp="2021-05-03T21:30:41 IST" time="145.509" errors="0">
  <testcase name="Soptify" time="52.124" classname="com.spotify.testscripts.Tc_SpotifyPremium"/>
  <testcase name="Soptify" time="11.099" classname="com.spotify.testscripts.Tc_SpotifyPremium">
    <failure type="java.lang.AssertionError" message="expected [true] but found [false]">
      <![CDATA[java.lang.AssertionError: expected [true] but found [false]
at com.spotify.testscripts.Tc_SpotifyPremium.Soptify(Tc_SpotifyPremium.java:29)
at java.util.ArrayList.forEach(ArrayList.java:1259)
... Removed 35 stack frames]]>
    </failure>
  </testcase> <!-- Soptify -->
  <testcase name="Soptify" time="10.786" classname="com.spotify.testscripts.Tc_SpotifyPremium">
    <failure type="java.lang.AssertionError" message="expected [true] but found [false]">
      <![CDATA[java.lang.AssertionError: expected [true] but found [false]
at com.spotify.testscripts.Tc_SpotifyPremium.Soptify(Tc_SpotifyPremium.java:29)
at java.util.ArrayList.forEach(ArrayList.java:1259)
... Removed 35 stack frames]]>
    </failure>
  </testcase> <!-- Soptify -->
  <testcase name="Soptify" time="10.764" classname="com.spotify.testscripts.Tc_SpotifyPremium">
    <failure type="java.lang.AssertionError" message="expected [true] but found [false]">
      <![CDATA[java.lang.AssertionError: expected [true] but found [false]
at com.spotify.testscripts.Tc_SpotifyPremium.Soptify(Tc_SpotifyPremium.java:29)
at java.util.ArrayList.forEach(ArrayList.java:1259)
... Removed 35 stack frames]]>
    </failure>
  </testcase> <!-- Soptify -->
</testsuite> <!-- Test -->
