<?xml version="1.0" encoding="UTF-8"?>
<testsuite xmlns:xsi="http://www.w3.org/2001/XMLSchema-instance" xsi:noNamespaceSchemaLocation="https://maven.apache.org/surefire/maven-surefire-plugin/xsd/surefire-test-report.xsd" name="TestSuite" time="114.638" tests="4" errors="0" skipped="0" failures="1">
  <properties>
[...]
</properties>
  <testcase name="Soptify" classname="com.spotify.testscripts.Tc_SpotifyPremium" time="20.725">
    <failure message="element click intercepted: Element is not clickable at point (235, 2805)&#10;  (Session info: MicrosoftEdge=90.0.818.51)&#10;Build info: version: &apos;3.141.59&apos;, revision: &apos;e82be7d358&apos;, time: &apos;2018-11-14T08:17:03&apos;&#10;System info: host: &apos;KAVERI-SABAREES&apos;, ip: &apos;192.168.1.100&apos;, os.name: &apos;Windows 10&apos;, os.arch: &apos;amd64&apos;, os.version: &apos;10.0&apos;, java.version: &apos;1.8.0_281&apos;&#10;Driver info: org.openqa.selenium.edge.EdgeDriver&#10;Capabilities {acceptInsecureCerts: false, browserName: msedge, browserVersion: 90.0.818.51, javascriptEnabled: true, ms:edgeOptions: {debuggerAddress: localhost:64208}, msedge: {msedgedriverVersion: 90.0.818.41 (8c973b4394f22b..., userDataDir: C:\Users\kaveri\AppData\Loc...}, networkConnectionEnabled: false, pageLoadStrategy: normal, platform: WINDOWS, platformName: WINDOWS, proxy: Proxy(), setWindowRect: true, strictFileInteractability: false, timeouts: {implicit: 0, pageLoad: 300000, script: 30000}, unhandledPromptBehavior: dismiss and notify, webauthn:extension:largeBlob: true, webauthn:virtualAuthenticators: true}&#10;Session ID: b7e8b750bf2535168753c00162b1e1a5" type="org.openqa.selenium.ElementClickInterceptedException">org.openqa.selenium.ElementClickInterceptedException: 
element click intercepted: Element is not clickable at point (235, 2805)
  (Session info: MicrosoftEdge=90.0.818.51)
Build info: version: '3.141.59', revision: 'e82be7d358', time: '2018-11-14T08:17:03'
System info: host: 'KAVERI-SABAREES', ip: '192.168.1.100', os.name: 'Windows 10', os.arch: 'amd64', os.version: '10.0', java.version: '1.8.0_281'
Driver info: org.openqa.selenium.edge.EdgeDriver
Capabilities {acceptInsecureCerts: false, browserName: msedge, browserVersion: 90.0.818.51, javascriptEnabled: true, ms:edgeOptions: {debuggerAddress: localhost:64208}, msedge: {msedgedriverVersion: 90.0.818.41 (8c973b4394f22b..., userDataDir: C:\Users\kaveri\AppData\Loc...}, networkConnectionEnabled: false, pageLoadStrategy: normal, platform: WINDOWS, platformName: WINDOWS, proxy: Proxy(), setWindowRect: true, strictFileInteractability: false, timeouts: {implicit: 0, pageLoad: 300000, script: 30000}, unhandledPromptBehavior: dismiss and notify, webauthn:extension:largeBlob: true, webauthn:virtualAuthenticators: true}
Session ID: b7e8b750bf2535168753c00162b1e1a5
	at com.spotify.testscripts.Tc_SpotifyPremium.Soptify(Tc_SpotifyPremium.java:49)
</failure>
    <system-out><![CDATA[Login Success full
miniSelected Plan for Premium Subscription
daySelected Month is taken for plan
UpiSelected Payment Option is taken for plan
]]></system-out>
    <system-err><![CDATA[Starting MSEdgeDriver 90.0.818.41 (8c973b4394f22bf1257b81a2d9021393858aecb2) on port 18440
Only local connections are allowed.
Please see https://chromedriver.chromium.org/security-considerations for suggestions on keeping MSEdgeDriver safe.
MSEdgeDriver was started successfully.
May 04, 2021 10:31:44 AM org.openqa.selenium.remote.ProtocolHandshake createSession
INFO: Detected dialect: W3C
]]></system-err>
  </testcase>
  <testcase name="Soptify" classname="com.spotify.testscripts.Tc_SpotifyPremium" time="11.096"/>
  <testcase name="Soptify" classname="com.spotify.testscripts.Tc_SpotifyPremium" time="10.034"/>
  <testcase name="Soptify" classname="com.spotify.testscripts.Tc_SpotifyPremium" time="10.052"/>
</testsuite>