<?xml version="1.0" encoding="UTF-8"?>
<testng-results skipped="0" failed="1" ignored="0" total="4" passed="3">
  <reporter-output>
    <line>
      <![CDATA[Login Success full]]>
    </line>
    <line>
      <![CDATA[miniSelected Plan for Premium Subscription]]>
    </line>
    <line>
      <![CDATA[daySelected Month is taken for plan]]>
    </line>
    <line>
      <![CDATA[UpiSelected Payment Option is taken for plan]]>
    </line>
    <line>
      <![CDATA[Account is Invalid login]]>
    </line>
    <line>
      <![CDATA[Account is Invalid login]]>
    </line>
    <line>
      <![CDATA[Account is Invalid login]]>
    </line>
  </reporter-output>
  <suite name="Suite" duration-ms="113597" started-at="2021-05-04T10:31:40 IST" finished-at="2021-05-04T10:33:34 IST">
    <groups>
    </groups>
    <test name="Test" duration-ms="113597" started-at="2021-05-04T10:31:40 IST" finished-at="2021-05-04T10:33:34 IST">
      <class name="com.spotify.testscripts.Tc_SpotifyPremium">
        <test-method status="PASS" signature="Setup(java.lang.String,java.lang.String)[pri:0, instance:com.spotify.testscripts.Tc_SpotifyPremium@1d16f93d]" name="Setup" is-config="true" duration-ms="5423" started-at="2021-05-04T10:31:41 IST" finished-at="2021-05-04T10:31:47 IST">
          <params>
            <param index="0">
              <value>
                <![CDATA[edge]]>
              </value>
            </param>
            <param index="1">
              <value>
                <![CDATA[https://www.spotify.com]]>
              </value>
            </param>
          </params>
          <reporter-output>
          </reporter-output>
        </test-method> <!-- Setup -->
        <test-method status="FAIL" signature="Soptify(java.lang.String,java.lang.String,java.lang.String,java.lang.String,java.lang.String)[pri:0, instance:com.spotify.testscripts.Tc_SpotifyPremium@1d16f93d]" name="Soptify" duration-ms="20711" started-at="2021-05-04T10:31:47 IST" data-provider="getData" finished-at="2021-05-04T10:32:08 IST">
          <params>
            <param index="0">
              <value>
                <![CDATA[Sabareeshkaveri@gmail.com]]>
              </value>
            </param>
            <param index="1">
              <value>
                <![CDATA[Ammulu.143]]>
              </value>
            </param>
            <param index="2">
              <value>
                <![CDATA[mini]]>
              </value>
            </param>
            <param index="3">
              <value>
                <![CDATA[day]]>
              </value>
            </param>
            <param index="4">
              <value>
                <![CDATA[Upi]]>
              </value>
            </param>
          </params>
          <exception class="org.openqa.selenium.ElementClickInterceptedException">
            <message>
              <![CDATA[element click intercepted: Element is not clickable at point (235, 2805)
  (Session info: MicrosoftEdge=90.0.818.51)
Build info: version: '3.141.59', revision: 'e82be7d358', time: '2018-11-14T08:17:03'
System info: host: 'KAVERI-SABAREES', ip: '192.168.1.100', os.name: 'Windows 10', os.arch: 'amd64', os.version: '10.0', java.version: '1.8.0_281'
Driver info: org.openqa.selenium.edge.EdgeDriver
Capabilities {acceptInsecureCerts: false, browserName: msedge, browserVersion: 90.0.818.51, javascriptEnabled: true, ms:edgeOptions: {debuggerAddress: localhost:64208}, msedge: {msedgedriverVersion: 90.0.818.41 (8c973b4394f22b..., userDataDir: C:\Users\kaveri\AppData\Loc...}, networkConnectionEnabled: false, pageLoadStrategy: normal, platform: WINDOWS, platformName: WINDOWS, proxy: Proxy(), setWindowRect: true, strictFileInteractability: false, timeouts: {implicit: 0, pageLoad: 300000, script: 30000}, unhandledPromptBehavior: dismiss and notify, webauthn:extension:largeBlob: true, webauthn:virtualAuthenticators: true}
Session ID: b7e8b750bf2535168753c00162b1e1a5]]>
            </message>
            <full-stacktrace>
              <![CDATA[org.openqa.selenium.ElementClickInterceptedException: element click intercepted: Element is not clickable at point (235, 2805)
  (Session info: MicrosoftEdge=90.0.818.51)
Build info: version: '3.141.59', revision: 'e82be7d358', time: '2018-11-14T08:17:03'
System info: host: 'KAVERI-SABAREES', ip: '192.168.1.100', os.name: 'Windows 10', os.arch: 'amd64', os.version: '10.0', java.version: '1.8.0_281'
Driver info: org.openqa.selenium.edge.EdgeDriver
Capabilities {acceptInsecureCerts: false, browserName: msedge, browserVersion: 90.0.818.51, javascriptEnabled: true, ms:edgeOptions: {debuggerAddress: localhost:64208}, msedge: {msedgedriverVersion: 90.0.818.41 (8c973b4394f22b..., userDataDir: C:\Users\kaveri\AppData\Loc...}, networkConnectionEnabled: false, pageLoadStrategy: normal, platform: WINDOWS, platformName: WINDOWS, proxy: Proxy(), setWindowRect: true, strictFileInteractability: false, timeouts: {implicit: 0, pageLoad: 300000, script: 30000}, unhandledPromptBehavior: dismiss and notify, webauthn:extension:largeBlob: true, webauthn:virtualAuthenticators: true}
Session ID: b7e8b750bf2535168753c00162b1e1a5
at sun.reflect.NativeConstructorAccessorImpl.newInstance0(Native Method)
at sun.reflect.NativeConstructorAccessorImpl.newInstance(NativeConstructorAccessorImpl.java:62)
at sun.reflect.DelegatingConstructorAccessorImpl.newInstance(DelegatingConstructorAccessorImpl.java:45)
at java.lang.reflect.Constructor.newInstance(Constructor.java:423)
at org.openqa.selenium.remote.http.W3CHttpResponseCodec.createException(W3CHttpResponseCodec.java:187)
at org.openqa.selenium.remote.http.W3CHttpResponseCodec.decode(W3CHttpResponseCodec.java:122)
at org.openqa.selenium.remote.http.W3CHttpResponseCodec.decode(W3CHttpResponseCodec.java:49)
at org.openqa.selenium.remote.HttpCommandExecutor.execute(HttpCommandExecutor.java:158)
at org.openqa.selenium.remote.service.DriverCommandExecutor.execute(DriverCommandExecutor.java:83)
at org.openqa.selenium.remote.RemoteWebDriver.execute(RemoteWebDriver.java:552)
at org.openqa.selenium.remote.RemoteWebElement.execute(RemoteWebElement.java:285)
at org.openqa.selenium.remote.RemoteWebElement.click(RemoteWebElement.java:84)
at sun.reflect.NativeMethodAccessorImpl.invoke0(Native Method)
at sun.reflect.NativeMethodAccessorImpl.invoke(NativeMethodAccessorImpl.java:62)
at sun.reflect.DelegatingMethodAccessorImpl.invoke(DelegatingMethodAccessorImpl.java:43)
at java.lang.reflect.Method.invoke(Method.java:498)
at org.openqa.selenium.support.pagefactory.internal.LocatingElementHandler.invoke(LocatingElementHandler.java:51)
at com.sun.proxy.$Proxy9.click(Unknown Source)
at com.spotify.testscripts.Tc_SpotifyPremium.Soptify(Tc_SpotifyPremium.java:49)
at sun.reflect.NativeMethodAccessorImpl.invoke0(Native Method)
at sun.reflect.NativeMethodAccessorImpl.invoke(NativeMethodAccessorImpl.java:62)
at sun.reflect.DelegatingMethodAccessorImpl.invoke(DelegatingMethodAccessorImpl.java:43)
at java.lang.reflect.Method.invoke(Method.java:498)
at org.testng.internal.MethodInvocationHelper.invokeMethod(MethodInvocationHelper.java:133)
at org.testng.internal.TestInvoker.invokeMethod(TestInvoker.java:598)
at org.testng.internal.TestInvoker.invokeTestMethod(TestInvoker.java:173)
at org.testng.internal.MethodRunner.runInSequence(MethodRunner.java:46)
at org.testng.internal.TestInvoker$MethodInvocationAgent.invoke(TestInvoker.java:824)
at org.testng.internal.TestInvoker.invokeTestMethods(TestInvoker.java:146)
at org.testng.internal.TestMethodWorker.invokeTestMethods(TestMethodWorker.java:146)
at org.testng.internal.TestMethodWorker.run(TestMethodWorker.java:128)
at java.util.ArrayList.forEach(ArrayList.java:1259)
at org.testng.TestRunner.privateRun(TestRunner.java:794)
at org.testng.TestRunner.run(TestRunner.java:596)
at org.testng.SuiteRunner.runTest(SuiteRunner.java:377)
at org.testng.SuiteRunner.runSequentially(SuiteRunner.java:371)
at org.testng.SuiteRunner.privateRun(SuiteRunner.java:332)
at org.testng.SuiteRunner.run(SuiteRunner.java:276)
at org.testng.SuiteRunnerWorker.runSuite(SuiteRunnerWorker.java:53)
at org.testng.SuiteRunnerWorker.run(SuiteRunnerWorker.java:96)
at org.testng.TestNG.runSuitesSequentially(TestNG.java:1212)
at org.testng.TestNG.runSuitesLocally(TestNG.java:1134)
at org.testng.TestNG.runSuites(TestNG.java:1063)
at org.testng.TestNG.run(TestNG.java:1031)
at org.apache.maven.surefire.testng.TestNGExecutor.run(TestNGExecutor.java:283)
at org.apache.maven.surefire.testng.TestNGXmlTestSuite.execute(TestNGXmlTestSuite.java:75)
at org.apache.maven.surefire.testng.TestNGProvider.invoke(TestNGProvider.java:120)
at org.apache.maven.surefire.booter.ForkedBooter.invokeProviderInSameClassLoader(ForkedBooter.java:384)
at org.apache.maven.surefire.booter.ForkedBooter.runSuitesInProcess(ForkedBooter.java:345)
at org.apache.maven.surefire.booter.ForkedBooter.execute(ForkedBooter.java:126)
at org.apache.maven.surefire.booter.ForkedBooter.main(ForkedBooter.java:418)
]]>
            </full-stacktrace>
          </exception> <!-- org.openqa.selenium.ElementClickInterceptedException -->
          <reporter-output>
            <line>
              <![CDATA[Login Success full]]>
            </line>
            <line>
              <![CDATA[miniSelected Plan for Premium Subscription]]>
            </line>
            <line>
              <![CDATA[daySelected Month is taken for plan]]>
            </line>
            <line>
              <![CDATA[UpiSelected Payment Option is taken for plan]]>
            </line>
          </reporter-output>
        </test-method> <!-- Soptify -->
        <test-method status="PASS" signature="TearDown()[pri:0, instance:com.spotify.testscripts.Tc_SpotifyPremium@1d16f93d]" name="TearDown" is-config="true" duration-ms="676" started-at="2021-05-04T10:32:08 IST" finished-at="2021-05-04T10:32:08 IST">
          <reporter-output>
          </reporter-output>
        </test-method> <!-- TearDown -->
        <test-method status="PASS" signature="Setup(java.lang.String,java.lang.String)[pri:0, instance:com.spotify.testscripts.Tc_SpotifyPremium@1d16f93d]" name="Setup" is-config="true" duration-ms="9553" started-at="2021-05-04T10:32:08 IST" finished-at="2021-05-04T10:32:18 IST">
          <params>
            <param index="0">
              <value>
                <![CDATA[edge]]>
              </value>
            </param>
            <param index="1">
              <value>
                <![CDATA[https://www.spotify.com]]>
              </value>
            </param>
          </params>
          <reporter-output>
          </reporter-output>
        </test-method> <!-- Setup -->
        <test-method status="PASS" signature="Soptify(java.lang.String,java.lang.String,java.lang.String,java.lang.String,java.lang.String)[pri:0, instance:com.spotify.testscripts.Tc_SpotifyPremium@1d16f93d]" name="Soptify" duration-ms="11094" started-at="2021-05-04T10:32:18 IST" data-provider="getData" finished-at="2021-05-04T10:32:29 IST">
          <params>
            <param index="0">
              <value>
                <![CDATA[Sabareeshkaveri@gmail.com]]>
              </value>
            </param>
            <param index="1">
              <value>
                <![CDATA[Ammulu.144]]>
              </value>
            </param>
            <param index="2">
              <value>
                <![CDATA[mini]]>
              </value>
            </param>
            <param index="3">
              <value>
                <![CDATA[day]]>
              </value>
            </param>
            <param index="4">
              <value>
                <![CDATA[upi]]>
              </value>
            </param>
          </params>
          <reporter-output>
            <line>
              <![CDATA[Account is Invalid login]]>
            </line>
          </reporter-output>
        </test-method> <!-- Soptify -->
        <test-method status="PASS" signature="TearDown()[pri:0, instance:com.spotify.testscripts.Tc_SpotifyPremium@1d16f93d]" name="TearDown" is-config="true" duration-ms="641" started-at="2021-05-04T10:32:29 IST" finished-at="2021-05-04T10:32:30 IST">
          <reporter-output>
          </reporter-output>
        </test-method> <!-- TearDown -->
        <test-method status="PASS" signature="Setup(java.lang.String,java.lang.String)[pri:0, instance:com.spotify.testscripts.Tc_SpotifyPremium@1d16f93d]" name="Setup" is-config="true" duration-ms="3755" started-at="2021-05-04T10:32:30 IST" finished-at="2021-05-04T10:32:33 IST">
          <params>
            <param index="0">
              <value>
                <![CDATA[edge]]>
              </value>
            </param>
            <param index="1">
              <value>
                <![CDATA[https://www.spotify.com]]>
              </value>
            </param>
          </params>
          <reporter-output>
          </reporter-output>
        </test-method> <!-- Setup -->
        <test-method status="PASS" signature="Soptify(java.lang.String,java.lang.String,java.lang.String,java.lang.String,java.lang.String)[pri:0, instance:com.spotify.testscripts.Tc_SpotifyPremium@1d16f93d]" name="Soptify" duration-ms="10035" started-at="2021-05-04T10:32:33 IST" data-provider="getData" finished-at="2021-05-04T10:32:43 IST">
          <params>
            <param index="0">
              <value>
                <![CDATA[Sabareeshkaveri@gmail.com]]>
              </value>
            </param>
            <param index="1">
              <value>
                <![CDATA[Ammulu.145]]>
              </value>
            </param>
            <param index="2">
              <value>
                <![CDATA[mini]]>
              </value>
            </param>
            <param index="3">
              <value>
                <![CDATA[day]]>
              </value>
            </param>
            <param index="4">
              <value>
                <![CDATA[paytm]]>
              </value>
            </param>
          </params>
          <reporter-output>
            <line>
              <![CDATA[Account is Invalid login]]>
            </line>
          </reporter-output>
        </test-method> <!-- Soptify -->
        <test-method status="PASS" signature="TearDown()[pri:0, instance:com.spotify.testscripts.Tc_SpotifyPremium@1d16f93d]" name="TearDown" is-config="true" duration-ms="691" started-at="2021-05-04T10:32:43 IST" finished-at="2021-05-04T10:32:44 IST">
          <reporter-output>
          </reporter-output>
        </test-method> <!-- TearDown -->
        <test-method status="PASS" signature="Setup(java.lang.String,java.lang.String)[pri:0, instance:com.spotify.testscripts.Tc_SpotifyPremium@1d16f93d]" name="Setup" is-config="true" duration-ms="39008" started-at="2021-05-04T10:32:44 IST" finished-at="2021-05-04T10:33:23 IST">
          <params>
            <param index="0">
              <value>
                <![CDATA[edge]]>
              </value>
            </param>
            <param index="1">
              <value>
                <![CDATA[https://www.spotify.com]]>
              </value>
            </param>
          </params>
          <reporter-output>
          </reporter-output>
        </test-method> <!-- Setup -->
        <test-method status="PASS" signature="Soptify(java.lang.String,java.lang.String,java.lang.String,java.lang.String,java.lang.String)[pri:0, instance:com.spotify.testscripts.Tc_SpotifyPremium@1d16f93d]" name="Soptify" duration-ms="10051" started-at="2021-05-04T10:33:23 IST" data-provider="getData" finished-at="2021-05-04T10:33:33 IST">
          <params>
            <param index="0">
              <value>
                <![CDATA[Sabareeshkaveri@gmail.com]]>
              </value>
            </param>
            <param index="1">
              <value>
                <![CDATA[Ammulu.146]]>
              </value>
            </param>
            <param index="2">
              <value>
                <![CDATA[mini]]>
              </value>
            </param>
            <param index="3">
              <value>
                <![CDATA[day]]>
              </value>
            </param>
            <param index="4">
              <value>
                <![CDATA[paytm]]>
              </value>
            </param>
          </params>
          <reporter-output>
            <line>
              <![CDATA[Account is Invalid login]]>
            </line>
          </reporter-output>
        </test-method> <!-- Soptify -->
        <test-method status="PASS" signature="TearDown()[pri:0, instance:com.spotify.testscripts.Tc_SpotifyPremium@1d16f93d]" name="TearDown" is-config="true" duration-ms="689" started-at="2021-05-04T10:33:33 IST" finished-at="2021-05-04T10:33:34 IST">
          <reporter-output>
          </reporter-output>
        </test-method> <!-- TearDown -->
      </class> <!-- com.spotify.testscripts.Tc_SpotifyPremium -->
    </test> <!-- Test -->
  </suite> <!-- Suite -->
</testng-results>
