<?xml version="1.0" encoding="UTF-8"?>
<testsuite xmlns:xsi="http://www.w3.org/2001/XMLSchema-instance" xsi:noNamespaceSchemaLocation="https://maven.apache.org/surefire/maven-surefire-plugin/xsd/surefire-test-report.xsd" name="TestSuite" time="146.637" tests="4" errors="0" skipped="0" failures="3">
  <properties>
[...]
</properties>
  <testcase name="Soptify" classname="com.spotify.testscripts.Tc_SpotifyPremium" time="52.136"/>
  <testcase name="Soptify" classname="com.spotify.testscripts.Tc_SpotifyPremium" time="11.109">
    <failure message="expected [true] but found [false]" type="java.lang.AssertionError">java.lang.AssertionError: expected [true] but found [false]
	at com.spotify.testscripts.Tc_SpotifyPremium.Soptify(Tc_SpotifyPremium.java:29)
</failure>
    <system-err><![CDATA[Starting MSEdgeDriver 90.0.818.41 (8c973b4394f22bf1257b81a2d9021393858aecb2) on port 35760
Only local connections are allowed.
Please see https://chromedriver.chromium.org/security-considerations for suggestions on keeping MSEdgeDriver safe.
MSEdgeDriver was started successfully.
May 03, 2021 9:29:31 PM org.openqa.selenium.remote.ProtocolHandshake createSession
INFO: Detected dialect: W3C
]]></system-err>
  </testcase>
  <testcase name="Soptify" classname="com.spotify.testscripts.Tc_SpotifyPremium" time="10.787">
    <failure message="expected [true] but found [false]" type="java.lang.AssertionError">java.lang.AssertionError: expected [true] but found [false]
	at com.spotify.testscripts.Tc_SpotifyPremium.Soptify(Tc_SpotifyPremium.java:29)
</failure>
    <system-err><![CDATA[Starting MSEdgeDriver 90.0.818.41 (8c973b4394f22bf1257b81a2d9021393858aecb2) on port 39783
Only local connections are allowed.
Please see https://chromedriver.chromium.org/security-considerations for suggestions on keeping MSEdgeDriver safe.
MSEdgeDriver was started successfully.
May 03, 2021 9:29:54 PM org.openqa.selenium.remote.ProtocolHandshake createSession
INFO: Detected dialect: W3C
]]></system-err>
  </testcase>
  <testcase name="Soptify" classname="com.spotify.testscripts.Tc_SpotifyPremium" time="10.765">
    <failure message="expected [true] but found [false]" type="java.lang.AssertionError">java.lang.AssertionError: expected [true] but found [false]
	at com.spotify.testscripts.Tc_SpotifyPremium.Soptify(Tc_SpotifyPremium.java:29)
</failure>
    <system-err><![CDATA[Starting MSEdgeDriver 90.0.818.41 (8c973b4394f22bf1257b81a2d9021393858aecb2) on port 9483
Only local connections are allowed.
Please see https://chromedriver.chromium.org/security-considerations for suggestions on keeping MSEdgeDriver safe.
MSEdgeDriver was started successfully.
May 03, 2021 9:30:21 PM org.openqa.selenium.remote.ProtocolHandshake createSession
INFO: Detected dialect: W3C
]]></system-err>
  </testcase>
</testsuite>