<?xml version="1.0" encoding="UTF-8"?>
<testng-results skipped="0" failed="0" ignored="0" total="4" passed="4">
  <reporter-output>
    <line>
      <![CDATA[Login Success full]]>
    </line>
    <line>
      <![CDATA[miniSelected Plan for Premium Subscription]]>
    </line>
    <line>
      <![CDATA[daySelected Month is taken for plan]]>
    </line>
    <line>
      <![CDATA[UpiSelected Payment Option is taken for plan]]>
    </line>
    <line>
      <![CDATA[Successfully loggedout]]>
    </line>
  </reporter-output>
  <suite name="Suite" duration-ms="129601" started-at="2021-05-04T11:34:35 IST" finished-at="2021-05-04T11:36:45 IST">
    <groups>
    </groups>
    <test name="Functinal Testing" duration-ms="129601" started-at="2021-05-04T11:34:35 IST" finished-at="2021-05-04T11:36:45 IST">
      <class name="com.spotify.testscripts.Tc_SpotifyPremium">
        <test-method status="PASS" signature="Setup(java.lang.String, java.lang.String)[pri:0, instance:com.spotify.testscripts.Tc_SpotifyPremium@ea1a8d5]" name="Setup" is-config="true" duration-ms="7967" started-at="2021-05-04T11:34:37 IST" finished-at="2021-05-04T11:34:45 IST">
          <params>
            <param index="0">
              <value>
                <![CDATA[edge]]>
              </value>
            </param>
            <param index="1">
              <value>
                <![CDATA[https://www.spotify.com]]>
              </value>
            </param>
          </params>
          <reporter-output>
          </reporter-output>
        </test-method> <!-- Setup -->
        <test-method status="PASS" signature="Soptify(java.lang.String, java.lang.String, java.lang.String, java.lang.String, java.lang.String)[pri:0, instance:com.spotify.testscripts.Tc_SpotifyPremium@ea1a8d5]" name="Soptify" duration-ms="52274" started-at="2021-05-04T11:34:45 IST" data-provider="getData" finished-at="2021-05-04T11:35:37 IST">
          <params>
            <param index="0">
              <value>
                <![CDATA[Sabareeshkaveri@gmail.com]]>
              </value>
            </param>
            <param index="1">
              <value>
                <![CDATA[Ammulu.143]]>
              </value>
            </param>
            <param index="2">
              <value>
                <![CDATA[mini]]>
              </value>
            </param>
            <param index="3">
              <value>
                <![CDATA[day]]>
              </value>
            </param>
            <param index="4">
              <value>
                <![CDATA[Upi]]>
              </value>
            </param>
          </params>
          <reporter-output>
            <line>
              <![CDATA[Login Success full]]>
            </line>
            <line>
              <![CDATA[miniSelected Plan for Premium Subscription]]>
            </line>
            <line>
              <![CDATA[daySelected Month is taken for plan]]>
            </line>
            <line>
              <![CDATA[UpiSelected Payment Option is taken for plan]]>
            </line>
            <line>
              <![CDATA[Successfully loggedout]]>
            </line>
          </reporter-output>
        </test-method> <!-- Soptify -->
        <test-method status="PASS" signature="TearDown()[pri:0, instance:com.spotify.testscripts.Tc_SpotifyPremium@ea1a8d5]" name="TearDown" is-config="true" duration-ms="836" started-at="2021-05-04T11:35:37 IST" finished-at="2021-05-04T11:35:38 IST">
          <reporter-output>
          </reporter-output>
        </test-method> <!-- TearDown -->
        <test-method status="PASS" signature="Setup(java.lang.String, java.lang.String)[pri:0, instance:com.spotify.testscripts.Tc_SpotifyPremium@ea1a8d5]" name="Setup" is-config="true" duration-ms="8800" started-at="2021-05-04T11:35:38 IST" finished-at="2021-05-04T11:35:46 IST">
          <params>
            <param index="0">
              <value>
                <![CDATA[edge]]>
              </value>
            </param>
            <param index="1">
              <value>
                <![CDATA[https://www.spotify.com]]>
              </value>
            </param>
          </params>
          <reporter-output>
          </reporter-output>
        </test-method> <!-- Setup -->
        <test-method status="PASS" signature="Soptify(java.lang.String, java.lang.String, java.lang.String, java.lang.String, java.lang.String)[pri:0, instance:com.spotify.testscripts.Tc_SpotifyPremium@ea1a8d5]" name="Soptify" duration-ms="13642" started-at="2021-05-04T11:35:46 IST" data-provider="getData" finished-at="2021-05-04T11:36:00 IST">
          <params>
            <param index="0">
              <value>
                <![CDATA[Sabareeshkaveri@gmail.com]]>
              </value>
            </param>
            <param index="1">
              <value>
                <![CDATA[Ammulu.144]]>
              </value>
            </param>
            <param index="2">
              <value>
                <![CDATA[mini]]>
              </value>
            </param>
            <param index="3">
              <value>
                <![CDATA[day]]>
              </value>
            </param>
            <param index="4">
              <value>
                <![CDATA[upi]]>
              </value>
            </param>
          </params>
          <reporter-output>
          </reporter-output>
        </test-method> <!-- Soptify -->
        <test-method status="PASS" signature="TearDown()[pri:0, instance:com.spotify.testscripts.Tc_SpotifyPremium@ea1a8d5]" name="TearDown" is-config="true" duration-ms="760" started-at="2021-05-04T11:36:00 IST" finished-at="2021-05-04T11:36:01 IST">
          <reporter-output>
          </reporter-output>
        </test-method> <!-- TearDown -->
        <test-method status="PASS" signature="Setup(java.lang.String, java.lang.String)[pri:0, instance:com.spotify.testscripts.Tc_SpotifyPremium@ea1a8d5]" name="Setup" is-config="true" duration-ms="10447" started-at="2021-05-04T11:36:01 IST" finished-at="2021-05-04T11:36:11 IST">
          <params>
            <param index="0">
              <value>
                <![CDATA[edge]]>
              </value>
            </param>
            <param index="1">
              <value>
                <![CDATA[https://www.spotify.com]]>
              </value>
            </param>
          </params>
          <reporter-output>
          </reporter-output>
        </test-method> <!-- Setup -->
        <test-method status="PASS" signature="Soptify(java.lang.String, java.lang.String, java.lang.String, java.lang.String, java.lang.String)[pri:0, instance:com.spotify.testscripts.Tc_SpotifyPremium@ea1a8d5]" name="Soptify" duration-ms="12313" started-at="2021-05-04T11:36:11 IST" data-provider="getData" finished-at="2021-05-04T11:36:24 IST">
          <params>
            <param index="0">
              <value>
                <![CDATA[Sabareeshkaveri@gmail.com]]>
              </value>
            </param>
            <param index="1">
              <value>
                <![CDATA[Ammulu.145]]>
              </value>
            </param>
            <param index="2">
              <value>
                <![CDATA[mini]]>
              </value>
            </param>
            <param index="3">
              <value>
                <![CDATA[day]]>
              </value>
            </param>
            <param index="4">
              <value>
                <![CDATA[paytm]]>
              </value>
            </param>
          </params>
          <reporter-output>
          </reporter-output>
        </test-method> <!-- Soptify -->
        <test-method status="PASS" signature="TearDown()[pri:0, instance:com.spotify.testscripts.Tc_SpotifyPremium@ea1a8d5]" name="TearDown" is-config="true" duration-ms="710" started-at="2021-05-04T11:36:24 IST" finished-at="2021-05-04T11:36:24 IST">
          <reporter-output>
          </reporter-output>
        </test-method> <!-- TearDown -->
        <test-method status="PASS" signature="Setup(java.lang.String, java.lang.String)[pri:0, instance:com.spotify.testscripts.Tc_SpotifyPremium@ea1a8d5]" name="Setup" is-config="true" duration-ms="7974" started-at="2021-05-04T11:36:24 IST" finished-at="2021-05-04T11:36:32 IST">
          <params>
            <param index="0">
              <value>
                <![CDATA[edge]]>
              </value>
            </param>
            <param index="1">
              <value>
                <![CDATA[https://www.spotify.com]]>
              </value>
            </param>
          </params>
          <reporter-output>
          </reporter-output>
        </test-method> <!-- Setup -->
        <test-method status="PASS" signature="Soptify(java.lang.String, java.lang.String, java.lang.String, java.lang.String, java.lang.String)[pri:0, instance:com.spotify.testscripts.Tc_SpotifyPremium@ea1a8d5]" name="Soptify" duration-ms="11875" started-at="2021-05-04T11:36:32 IST" data-provider="getData" finished-at="2021-05-04T11:36:44 IST">
          <params>
            <param index="0">
              <value>
                <![CDATA[Sabareeshkaveri@gmail.com]]>
              </value>
            </param>
            <param index="1">
              <value>
                <![CDATA[Ammulu.146]]>
              </value>
            </param>
            <param index="2">
              <value>
                <![CDATA[mini]]>
              </value>
            </param>
            <param index="3">
              <value>
                <![CDATA[day]]>
              </value>
            </param>
            <param index="4">
              <value>
                <![CDATA[paytm]]>
              </value>
            </param>
          </params>
          <reporter-output>
          </reporter-output>
        </test-method> <!-- Soptify -->
        <test-method status="PASS" signature="TearDown()[pri:0, instance:com.spotify.testscripts.Tc_SpotifyPremium@ea1a8d5]" name="TearDown" is-config="true" duration-ms="680" started-at="2021-05-04T11:36:44 IST" finished-at="2021-05-04T11:36:45 IST">
          <reporter-output>
          </reporter-output>
        </test-method> <!-- TearDown -->
      </class> <!-- com.spotify.testscripts.Tc_SpotifyPremium -->
    </test> <!-- Functinal Testing -->
  </suite> <!-- Suite -->
</testng-results>
